[debug] [2022-10-31T23:09:54.906Z] ----------------------------------------------------------------------
[debug] [2022-10-31T23:09:54.909Z] Command:       /usr/local/bin/node /Users/Danztee/.npm-global/bin/firebase init
[debug] [2022-10-31T23:09:54.909Z] CLI Version:   11.15.0
[debug] [2022-10-31T23:09:54.909Z] Platform:      darwin
[debug] [2022-10-31T23:09:54.910Z] Node Version:  v16.17.0
[debug] [2022-10-31T23:09:54.911Z] Time:          Tue Nov 01 2022 00:09:54 GMT+0100 (West Africa Standard Time)
[debug] [2022-10-31T23:09:54.912Z] ----------------------------------------------------------------------
[debug] 
[debug] [2022-10-31T23:09:54.916Z] >>> [apiv2][query] GET https://firebase-public.firebaseio.com/cli.json [none]
[debug] [2022-10-31T23:09:54.945Z] > command requires scopes: ["email","openid","https://www.googleapis.com/auth/cloudplatformprojects.readonly","https://www.googleapis.com/auth/firebase","https://www.googleapis.com/auth/cloud-platform"]
[debug] [2022-10-31T23:09:54.946Z] > authorizing via signed-in user (olowoniyidaniel@gmail.com)
[info] 
     ######## #### ########  ######## ########     ###     ######  ########
     ##        ##  ##     ## ##       ##     ##  ##   ##  ##       ##
     ######    ##  ########  ######   ########  #########  ######  ######
     ##        ##  ##    ##  ##       ##     ## ##     ##       ## ##
     ##       #### ##     ## ######## ########  ##     ##  ######  ########

You're about to initialize a Firebase project in this directory:

  /Users/Danztee/Downloads/react-complete-guide-code-21-deploying-react-apps 2/code/01-starting-project

[debug] [2022-10-31T23:09:55.806Z] <<< [apiv2][status] GET https://firebase-public.firebaseio.com/cli.json 200
[debug] [2022-10-31T23:09:55.807Z] <<< [apiv2][body] GET https://firebase-public.firebaseio.com/cli.json {"cloudBuildErrorAfter":1594252800000,"cloudBuildWarnAfter":1590019200000,"defaultNode10After":1594252800000,"minVersion":"3.0.5","node8DeploysDisabledAfter":1613390400000,"node8RuntimeDisabledAfter":1615809600000,"node8WarnAfter":1600128000000}
[info] 
=== Project Setup
[info] 
[info] First, let's associate this project directory with a Firebase project.
[info] You can create multiple project aliases by running firebase use --add, 
[info] but for now we'll just set up a default project.
[info] 
[debug] [2022-10-31T23:11:22.621Z] > refreshing access token with scopes: []
[debug] [2022-10-31T23:11:22.623Z] >>> [apiv2][query] POST https://www.googleapis.com/oauth2/v3/token [none]
[debug] [2022-10-31T23:11:22.623Z] >>> [apiv2][body] POST https://www.googleapis.com/oauth2/v3/token [omitted]
[debug] [2022-10-31T23:11:24.373Z] <<< [apiv2][status] POST https://www.googleapis.com/oauth2/v3/token 200
[debug] [2022-10-31T23:11:24.373Z] <<< [apiv2][body] POST https://www.googleapis.com/oauth2/v3/token [omitted]
[debug] [2022-10-31T23:11:24.923Z] >>> [apiv2][query] GET https://firebase.googleapis.com/v1beta1/projects pageSize=100
[debug] [2022-10-31T23:11:26.195Z] <<< [apiv2][status] GET https://firebase.googleapis.com/v1beta1/projects 200
[debug] [2022-10-31T23:11:26.195Z] <<< [apiv2][body] GET https://firebase.googleapis.com/v1beta1/projects [omitted]
[info] i  Using project react-prep-2f877 (react-prep) 
[info] 
=== Hosting Setup
[info] 
[info] Your public directory is the folder (relative to your project directory) that
[info] will contain Hosting assets to be uploaded with firebase deploy. If you
[info] have a build process for your assets, use your build's output directory.
[info] 
[debug] [2022-10-31T23:19:35.665Z] >>> [apiv2][query] GET https://www.gstatic.com/firebasejs/releases.json [none]
[debug] [2022-10-31T23:19:36.944Z] <<< [apiv2][status] GET https://www.gstatic.com/firebasejs/releases.json 200
[debug] [2022-10-31T23:19:36.945Z] <<< [apiv2][body] GET https://www.gstatic.com/firebasejs/releases.json {"current":{"version":"9.13.0","browserURL":"https://www.gstatic.com/firebasejs/9.13.0/firebase.js","packageURL":"https://www.gstatic.com/firebasejs/9.13.0/firebase.tgz"},"live":{"version":"9.13","browserURL":"https://www.gstatic.com/firebasejs/live/9.13/firebase.js","packageURL":"https://www.gstatic.com/firebasejs/live/9.13/firebase.tgz"},"components":{"analytics":"https://www.gstatic.com/firebasejs/9.13.0/firebase-analytics.js","app":"https://www.gstatic.com/firebasejs/9.13.0/firebase-app.js","app-check":"https://www.gstatic.com/firebasejs/9.13.0/firebase-app-check.js","auth":"https://www.gstatic.com/firebasejs/9.13.0/firebase-auth.js","auth/cordova":"https://www.gstatic.com/firebasejs/9.13.0/firebase-auth/cordova.js","auth/react-native":"https://www.gstatic.com/firebasejs/9.13.0/firebase-auth/react-native.js","functions":"https://www.gstatic.com/firebasejs/9.13.0/firebase-functions.js","firestore":"https://www.gstatic.com/firebasejs/9.13.0/firebase-firestore.js","firestore/lite":"https://www.gstatic.com/firebasejs/9.13.0/firebase-firestore/lite.js","installations":"https://www.gstatic.com/firebasejs/9.13.0/firebase-installations.js","storage":"https://www.gstatic.com/firebasejs/9.13.0/firebase-storage.js","performance":"https://www.gstatic.com/firebasejs/9.13.0/firebase-performance.js","remote-config":"https://www.gstatic.com/firebasejs/9.13.0/firebase-remote-config.js","messaging":"https://www.gstatic.com/firebasejs/9.13.0/firebase-messaging.js","messaging/sw":"https://www.gstatic.com/firebasejs/9.13.0/firebase-messaging/sw.js","database":"https://www.gstatic.com/firebasejs/9.13.0/firebase-database.js","firestore.memory":"https://www.gstatic.com/firebasejs/9.13.0/firebase-firestore.memory.js"}}
[info] i  Skipping write of build/index.html 
[info] 
[info] i  Didn't detect a .git folder. Assuming /Users/Danztee/Downloads/react-complete-guide-code-21-deploying-react-apps 2/code/01-starting-project is the project root. 
[info] i  Authorizing with GitHub to upload your service account to a GitHub repository's secrets store. 
[info] 
[info] Visit this URL on this device to log in:
[info] https://github.com/login/oauth/authorize?client_id=89cf50f02ac6aaed3484&state=16672745&redirect_uri=http%3A%2F%2Flocalhost%3A9005&scope=read%3Auser%20repo%20public_repo
[info] 
[info] Waiting for authentication...
[debug] [2022-10-31T23:20:20.953Z] >>> [apiv2][query] POST https://github.com/login/oauth/access_token [none]
[debug] [2022-10-31T23:20:20.954Z] >>> [apiv2][body] POST https://github.com/login/oauth/access_token [stream]
[debug] [2022-10-31T23:20:22.399Z] <<< [apiv2][status] POST https://github.com/login/oauth/access_token 200
[debug] [2022-10-31T23:20:22.400Z] <<< [apiv2][body] POST https://github.com/login/oauth/access_token {"access_token":"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","token_type":"bearer","scope":"read:user,repo"}
[debug] [2022-10-31T23:20:22.622Z] >>> [apiv2][query] GET https://api.github.com/user [none]
[debug] [2022-10-31T23:20:24.157Z] <<< [apiv2][status] GET https://api.github.com/user 200
[debug] [2022-10-31T23:20:24.157Z] <<< [apiv2][body] GET https://api.github.com/user {"login":"Danztee","id":101122783,"node_id":"U_kgDOBgcC3w","avatar_url":"https://avatars.githubusercontent.com/u/101122783?v=4","gravatar_id":"","url":"https://api.github.com/users/Danztee","html_url":"https://github.com/Danztee","followers_url":"https://api.github.com/users/Danztee/followers","following_url":"https://api.github.com/users/Danztee/following{/other_user}","gists_url":"https://api.github.com/users/Danztee/gists{/gist_id}","starred_url":"https://api.github.com/users/Danztee/starred{/owner}{/repo}","subscriptions_url":"https://api.github.com/users/Danztee/subscriptions","organizations_url":"https://api.github.com/users/Danztee/orgs","repos_url":"https://api.github.com/users/Danztee/repos","events_url":"https://api.github.com/users/Danztee/events{/privacy}","received_events_url":"https://api.github.com/users/Danztee/received_events","type":"User","site_admin":false,"name":"Olowoniyi Daniel","company":null,"blog":"","location":"Kwara,  Nigeria","email":null,"hireable":true,"bio":"My name Daniel. I'm interested in anything JavaScript","twitter_username":"iamdanztee","public_repos":44,"public_gists":0,"followers":10,"following":8,"created_at":"2022-03-07T14:53:38Z","updated_at":"2022-10-20T15:35:29Z","private_gists":0,"total_private_repos":11,"owned_private_repos":11,"disk_usage":83603,"collaborators":0,"two_factor_authentication":false,"plan":{"name":"free","space":976562499,"collaborators":0,"private_repos":10000}}
[info] 
[info] ✔  Success! Logged into GitHub as Danztee 
[info] 
